<?xml version="1.0" encoding="UTF-8"?>
<testsuites name="jest tests" tests="1" failures="0" time="0.746">
  <testsuite name="QueryEditor" errors="0" failures="0" skipped="0" timestamp="2020-04-30T21:16:55" time="0.419" tests="1">
    <testcase classname="QueryEditor should extract id from URL" name="QueryEditor should extract id from URL" time="0.001">
    </testcase>
  </testsuite>
</testsuites>